{
  "uid" : "2d0a4122643b4929",
  "name" : "LogInTest Scenario with valid username and valid password",
  "fullName" : "com.epam.lab.LogInTest.logInTestWithValidLoginAndValidPassword",
  "historyId" : "337af8402e0de6ee103c7d6ff264e498",
  "time" : {
    "start" : 1551344053945,
    "stop" : 1551344067014,
    "duration" : 13069
  },
  "description" : "LogInTest Description: Login test valid login and valid password",
  "descriptionHtml" : "<p>LogInTest Description: Login test valid login and valid password</p>\n",
  "status" : "failed",
  "statusMessage" : "expected [https://scratch.mit.edu] but found [null]",
  "statusTrace" : "java.lang.AssertionError: expected [https://scratch.mit.edu] but found [null]\r\n\tat org.testng.Assert.fail(Assert.java:93)\r\n\tat org.testng.Assert.failNotEquals(Assert.java:512)\r\n\tat org.testng.Assert.assertEqualsImpl(Assert.java:129)\r\n\tat org.testng.Assert.assertEquals(Assert.java:115)\r\n\tat org.testng.Assert.assertEquals(Assert.java:189)\r\n\tat org.testng.Assert.assertEquals(Assert.java:199)\r\n\tat com.epam.lab.LogInTest.logInTestWithValidLoginAndValidPassword(LogInTest.java:45)\r\n\tat sun.reflect.NativeMethodAccessorImpl.invoke0(Native Method)\r\n\tat sun.reflect.NativeMethodAccessorImpl.invoke(NativeMethodAccessorImpl.java:62)\r\n\tat sun.reflect.DelegatingMethodAccessorImpl.invoke(DelegatingMethodAccessorImpl.java:43)\r\n\tat java.lang.reflect.Method.invoke(Method.java:498)\r\n\tat org.testng.internal.MethodInvocationHelper.invokeMethod(MethodInvocationHelper.java:108)\r\n\tat org.testng.internal.Invoker.invokeMethod(Invoker.java:661)\r\n\tat org.testng.internal.Invoker.invokeTestMethod(Invoker.java:869)\r\n\tat org.testng.internal.Invoker.invokeTestMethods(Invoker.java:1193)\r\n\tat org.testng.internal.TestMethodWorker.invokeTestMethods(TestMethodWorker.java:126)\r\n\tat org.testng.internal.TestMethodWorker.run(TestMethodWorker.java:109)\r\n\tat org.testng.TestRunner.privateRun(TestRunner.java:744)\r\n\tat org.testng.TestRunner.run(TestRunner.java:602)\r\n\tat org.testng.SuiteRunner.runTest(SuiteRunner.java:380)\r\n\tat org.testng.SuiteRunner.runSequentially(SuiteRunner.java:375)\r\n\tat org.testng.SuiteRunner.privateRun(SuiteRunner.java:340)\r\n\tat org.testng.SuiteRunner.run(SuiteRunner.java:289)\r\n\tat org.testng.SuiteRunnerWorker.runSuite(SuiteRunnerWorker.java:52)\r\n\tat org.testng.SuiteRunnerWorker.run(SuiteRunnerWorker.java:86)\r\n\tat org.testng.TestNG.runSuitesSequentially(TestNG.java:1301)\r\n\tat org.testng.TestNG.runSuitesLocally(TestNG.java:1226)\r\n\tat org.testng.TestNG.runSuites(TestNG.java:1144)\r\n\tat org.testng.TestNG.run(TestNG.java:1115)\r\n\tat org.testng.remote.AbstractRemoteTestNG.run(AbstractRemoteTestNG.java:114)\r\n\tat org.testng.remote.RemoteTestNG.initAndRun(RemoteTestNG.java:251)\r\n\tat org.testng.remote.RemoteTestNG.main(RemoteTestNG.java:77)\r\n",
  "flaky" : false,
  "beforeStages" : [ {
    "name" : "setup",
    "time" : {
      "start" : 1551344044281,
      "stop" : 1551344053134,
      "duration" : 8853
    },
    "description" : "",
    "status" : "passed",
    "steps" : [ ],
    "attachments" : [ ],
    "parameters" : [ ],
    "stepsCount" : 0,
    "hasContent" : false,
    "attachmentsCount" : 0,
    "shouldDisplayMessage" : false
  } ],
  "testStage" : {
    "description" : "LogInTest Description: Login test valid login and valid password",
    "status" : "failed",
    "statusMessage" : "expected [https://scratch.mit.edu] but found [null]",
    "statusTrace" : "java.lang.AssertionError: expected [https://scratch.mit.edu] but found [null]\r\n\tat org.testng.Assert.fail(Assert.java:93)\r\n\tat org.testng.Assert.failNotEquals(Assert.java:512)\r\n\tat org.testng.Assert.assertEqualsImpl(Assert.java:129)\r\n\tat org.testng.Assert.assertEquals(Assert.java:115)\r\n\tat org.testng.Assert.assertEquals(Assert.java:189)\r\n\tat org.testng.Assert.assertEquals(Assert.java:199)\r\n\tat com.epam.lab.LogInTest.logInTestWithValidLoginAndValidPassword(LogInTest.java:45)\r\n\tat sun.reflect.NativeMethodAccessorImpl.invoke0(Native Method)\r\n\tat sun.reflect.NativeMethodAccessorImpl.invoke(NativeMethodAccessorImpl.java:62)\r\n\tat sun.reflect.DelegatingMethodAccessorImpl.invoke(DelegatingMethodAccessorImpl.java:43)\r\n\tat java.lang.reflect.Method.invoke(Method.java:498)\r\n\tat org.testng.internal.MethodInvocationHelper.invokeMethod(MethodInvocationHelper.java:108)\r\n\tat org.testng.internal.Invoker.invokeMethod(Invoker.java:661)\r\n\tat org.testng.internal.Invoker.invokeTestMethod(Invoker.java:869)\r\n\tat org.testng.internal.Invoker.invokeTestMethods(Invoker.java:1193)\r\n\tat org.testng.internal.TestMethodWorker.invokeTestMethods(TestMethodWorker.java:126)\r\n\tat org.testng.internal.TestMethodWorker.run(TestMethodWorker.java:109)\r\n\tat org.testng.TestRunner.privateRun(TestRunner.java:744)\r\n\tat org.testng.TestRunner.run(TestRunner.java:602)\r\n\tat org.testng.SuiteRunner.runTest(SuiteRunner.java:380)\r\n\tat org.testng.SuiteRunner.runSequentially(SuiteRunner.java:375)\r\n\tat org.testng.SuiteRunner.privateRun(SuiteRunner.java:340)\r\n\tat org.testng.SuiteRunner.run(SuiteRunner.java:289)\r\n\tat org.testng.SuiteRunnerWorker.runSuite(SuiteRunnerWorker.java:52)\r\n\tat org.testng.SuiteRunnerWorker.run(SuiteRunnerWorker.java:86)\r\n\tat org.testng.TestNG.runSuitesSequentially(TestNG.java:1301)\r\n\tat org.testng.TestNG.runSuitesLocally(TestNG.java:1226)\r\n\tat org.testng.TestNG.runSuites(TestNG.java:1144)\r\n\tat org.testng.TestNG.run(TestNG.java:1115)\r\n\tat org.testng.remote.AbstractRemoteTestNG.run(AbstractRemoteTestNG.java:114)\r\n\tat org.testng.remote.RemoteTestNG.initAndRun(RemoteTestNG.java:251)\r\n\tat org.testng.remote.RemoteTestNG.main(RemoteTestNG.java:77)\r\n",
    "steps" : [ {
      "name" : "LoginPageBO with login: {0}, password: {1} for method: {logIn} step...",
      "time" : {
        "start" : 1551344053954,
        "stop" : 1551344058088,
        "duration" : 4134
      },
      "status" : "passed",
      "steps" : [ {
        "name" : "PageElementBO Step: Submit login form in login page in method: {clickSubmit}...",
        "time" : {
          "start" : 1551344053958,
          "stop" : 1551344054527,
          "duration" : 569
        },
        "status" : "passed",
        "steps" : [ {
          "name" : "PageElement Step: Click on page element...",
          "time" : {
            "start" : 1551344053959,
            "stop" : 1551344054526,
            "duration" : 567
          },
          "status" : "passed",
          "steps" : [ ],
          "attachments" : [ ],
          "parameters" : [ ],
          "stepsCount" : 0,
          "hasContent" : false,
          "attachmentsCount" : 0,
          "shouldDisplayMessage" : false
        } ],
        "attachments" : [ ],
        "parameters" : [ ],
        "stepsCount" : 1,
        "hasContent" : true,
        "attachmentsCount" : 0,
        "shouldDisplayMessage" : false
      }, {
        "name" : "PageElementBO Step: Enter login: {0} in login input field in method: {enterLogin}...",
        "time" : {
          "start" : 1551344054528,
          "stop" : 1551344056210,
          "duration" : 1682
        },
        "status" : "passed",
        "steps" : [ {
          "name" : "PageElement Step: Clear input field...",
          "time" : {
            "start" : 1551344054528,
            "stop" : 1551344055014,
            "duration" : 486
          },
          "status" : "passed",
          "steps" : [ ],
          "attachments" : [ ],
          "parameters" : [ ],
          "stepsCount" : 0,
          "hasContent" : false,
          "attachmentsCount" : 0,
          "shouldDisplayMessage" : false
        }, {
          "name" : "PageElement Step: Send keys: {0}...",
          "time" : {
            "start" : 1551344055014,
            "stop" : 1551344056210,
            "duration" : 1196
          },
          "status" : "passed",
          "steps" : [ ],
          "attachments" : [ ],
          "parameters" : [ {
            "name" : "keysToSend",
            "value" : "[GrafGraf]"
          } ],
          "stepsCount" : 0,
          "hasContent" : true,
          "attachmentsCount" : 0,
          "shouldDisplayMessage" : false
        } ],
        "attachments" : [ ],
        "parameters" : [ {
          "name" : "login",
          "value" : "GrafGraf"
        } ],
        "stepsCount" : 2,
        "hasContent" : true,
        "attachmentsCount" : 0,
        "shouldDisplayMessage" : false
      }, {
        "name" : "PageElementBO Step: Enter password: {0} in password input field in method: {enterPassword}...",
        "time" : {
          "start" : 1551344056211,
          "stop" : 1551344057343,
          "duration" : 1132
        },
        "status" : "passed",
        "steps" : [ {
          "name" : "PageElement Step: Clear input field...",
          "time" : {
            "start" : 1551344056211,
            "stop" : 1551344056531,
            "duration" : 320
          },
          "status" : "passed",
          "steps" : [ ],
          "attachments" : [ ],
          "parameters" : [ ],
          "stepsCount" : 0,
          "hasContent" : false,
          "attachmentsCount" : 0,
          "shouldDisplayMessage" : false
        }, {
          "name" : "PageElement Step: Send keys: {0}...",
          "time" : {
            "start" : 1551344056531,
            "stop" : 1551344057343,
            "duration" : 812
          },
          "status" : "passed",
          "steps" : [ ],
          "attachments" : [ ],
          "parameters" : [ {
            "name" : "keysToSend",
            "value" : "[ParolParol]"
          } ],
          "stepsCount" : 0,
          "hasContent" : true,
          "attachmentsCount" : 0,
          "shouldDisplayMessage" : false
        } ],
        "attachments" : [ ],
        "parameters" : [ {
          "name" : "password",
          "value" : "ParolParol"
        } ],
        "stepsCount" : 2,
        "hasContent" : true,
        "attachmentsCount" : 0,
        "shouldDisplayMessage" : false
      }, {
        "name" : "PageElementBO Step: Submit login form in login page in method: {clickSubmit}...",
        "time" : {
          "start" : 1551344057343,
          "stop" : 1551344058088,
          "duration" : 745
        },
        "status" : "passed",
        "steps" : [ {
          "name" : "PageElement Step: Click on page element...",
          "time" : {
            "start" : 1551344057344,
            "stop" : 1551344058088,
            "duration" : 744
          },
          "status" : "passed",
          "steps" : [ ],
          "attachments" : [ ],
          "parameters" : [ ],
          "stepsCount" : 0,
          "hasContent" : false,
          "attachmentsCount" : 0,
          "shouldDisplayMessage" : false
        } ],
        "attachments" : [ ],
        "parameters" : [ ],
        "stepsCount" : 1,
        "hasContent" : true,
        "attachmentsCount" : 0,
        "shouldDisplayMessage" : false
      } ],
      "attachments" : [ ],
      "parameters" : [ {
        "name" : "login",
        "value" : "GrafGraf"
      }, {
        "name" : "password",
        "value" : "ParolParol"
      } ],
      "stepsCount" : 10,
      "hasContent" : true,
      "attachmentsCount" : 0,
      "shouldDisplayMessage" : false
    }, {
      "name" : "PageElementBO Step: Get UserName From profile button...",
      "time" : {
        "start" : 1551344058088,
        "stop" : 1551344061587,
        "duration" : 3499
      },
      "status" : "passed",
      "steps" : [ {
        "name" : "PageElement Step: Get text from element...",
        "time" : {
          "start" : 1551344058090,
          "stop" : 1551344061587,
          "duration" : 3497
        },
        "status" : "passed",
        "steps" : [ ],
        "attachments" : [ ],
        "parameters" : [ ],
        "stepsCount" : 0,
        "hasContent" : false,
        "attachmentsCount" : 0,
        "shouldDisplayMessage" : false
      } ],
      "attachments" : [ ],
      "parameters" : [ ],
      "stepsCount" : 1,
      "hasContent" : true,
      "attachmentsCount" : 0,
      "shouldDisplayMessage" : false
    }, {
      "name" : "PageElementBO Step: logout...",
      "time" : {
        "start" : 1551344061596,
        "stop" : 1551344066112,
        "duration" : 4516
      },
      "status" : "passed",
      "steps" : [ {
        "name" : "PageElement Step: Click on page element...",
        "time" : {
          "start" : 1551344061596,
          "stop" : 1551344061859,
          "duration" : 263
        },
        "status" : "passed",
        "steps" : [ ],
        "attachments" : [ ],
        "parameters" : [ ],
        "stepsCount" : 0,
        "hasContent" : false,
        "attachmentsCount" : 0,
        "shouldDisplayMessage" : false
      }, {
        "name" : "PageElement Step: Click on page element...",
        "time" : {
          "start" : 1551344061859,
          "stop" : 1551344066112,
          "duration" : 4253
        },
        "status" : "passed",
        "steps" : [ ],
        "attachments" : [ ],
        "parameters" : [ ],
        "stepsCount" : 0,
        "hasContent" : false,
        "attachmentsCount" : 0,
        "shouldDisplayMessage" : false
      } ],
      "attachments" : [ ],
      "parameters" : [ ],
      "stepsCount" : 2,
      "hasContent" : true,
      "attachmentsCount" : 0,
      "shouldDisplayMessage" : false
    }, {
      "name" : "TestListener Step: method: {onTestFailure}...",
      "time" : {
        "start" : 1551344066119,
        "stop" : 1551344066978,
        "duration" : 859
      },
      "status" : "passed",
      "steps" : [ ],
      "attachments" : [ {
        "uid" : "d7d31f85eaefe9d4",
        "name" : "{0}",
        "source" : "d7d31f85eaefe9d4.txt",
        "type" : "text/plane",
        "size" : 39
      }, {
        "uid" : "55a7438752152155",
        "name" : "Page screenshot",
        "source" : "55a7438752152155.png",
        "type" : "image/png",
        "size" : 88902
      } ],
      "parameters" : [ {
        "name" : "iTestResult",
        "value" : "[TestResult name=logInTestWithValidLoginAndValidPassword status=FAILURE method=LogInTest.logInTestWithValidLoginAndValidPassword()[pri:8, instance:com.epam.lab.LogInTest@10566ba] output={null}]"
      } ],
      "stepsCount" : 0,
      "hasContent" : true,
      "attachmentsCount" : 2,
      "shouldDisplayMessage" : false
    } ],
    "attachments" : [ ],
    "parameters" : [ ],
    "stepsCount" : 17,
    "hasContent" : true,
    "attachmentsCount" : 2,
    "shouldDisplayMessage" : true
  },
  "afterStages" : [ {
    "name" : "quit",
    "time" : {
      "start" : 1551344067316,
      "stop" : 1551344068368,
      "duration" : 1052
    },
    "description" : "",
    "status" : "passed",
    "steps" : [ ],
    "attachments" : [ ],
    "parameters" : [ ],
    "stepsCount" : 0,
    "hasContent" : false,
    "attachmentsCount" : 0,
    "shouldDisplayMessage" : false
  } ],
  "labels" : [ {
    "name" : "package",
    "value" : "com.epam.lab.LogInTest"
  }, {
    "name" : "testClass",
    "value" : "com.epam.lab.LogInTest"
  }, {
    "name" : "testMethod",
    "value" : "logInTestWithValidLoginAndValidPassword"
  }, {
    "name" : "parentSuite",
    "value" : "Default suite"
  }, {
    "name" : "suite",
    "value" : "Default test"
  }, {
    "name" : "subSuite",
    "value" : "com.epam.lab.LogInTest"
  }, {
    "name" : "host",
    "value" : "User-ПК"
  }, {
    "name" : "thread",
    "value" : "3452@User-ПК.main(1)"
  }, {
    "name" : "severity",
    "value" : "normal"
  }, {
    "name" : "resultFormat",
    "value" : "allure2"
  } ],
  "parameters" : [ ],
  "links" : [ ],
  "hidden" : true,
  "retry" : true,
  "extra" : {
    "categories" : [ ],
    "tags" : [ ]
  },
  "source" : "2d0a4122643b4929.json",
  "parameterValues" : [ ]
}