{
  "uid" : "7b7f36f40a1436ce",
  "name" : "Verify if Wall button shows a wall",
  "fullName" : "com.epam.lab.ProfilePageTest.verifyWallButton",
  "historyId" : "1f4d67e18bc029c15bee91119b2bf794",
  "time" : {
    "start" : 1551101075245,
    "stop" : 1551101077702,
    "duration" : 2457
  },
  "description" : "ProfileTest Description: Verify if Wall button shows a wall",
  "descriptionHtml" : "<p>ProfileTest Description: Verify if Wall button shows a wall</p>\n",
  "status" : "failed",
  "statusMessage" : "The following asserts failed:\n\tPhone number is't correct expected [679829142] but found [null],\n\tThe job location is't correct expected [Ukraine, Lviv, Off-site] but found [Ukraine, Lviv, Shevchenka St. 111a, 7th floor-Room 713],\n\tproductionCategory is't correct expected [Extended leave] but found [Full-time employee],\n\tThe primary skill is't correct expected [Performance testing] but found [Automated Testing],\n\tClassname is same expected [e3suiProfileContent__switcherNavLink] but found [e3suiProfileContent__switcherNavLink active]",
  "statusTrace" : "java.lang.AssertionError: The following asserts failed:\n\tPhone number is't correct expected [679829142] but found [null],\n\tThe job location is't correct expected [Ukraine, Lviv, Off-site] but found [Ukraine, Lviv, Shevchenka St. 111a, 7th floor-Room 713],\n\tproductionCategory is't correct expected [Extended leave] but found [Full-time employee],\n\tThe primary skill is't correct expected [Performance testing] but found [Automated Testing],\n\tClassname is same expected [e3suiProfileContent__switcherNavLink] but found [e3suiProfileContent__switcherNavLink active]\r\n\tat org.testng.asserts.SoftAssert.assertAll(SoftAssert.java:43)\r\n\tat com.epam.lab.business.ProfilePageBo.verifyWallPage_aroundBody36(ProfilePageBo.java:148)\r\n\tat com.epam.lab.business.ProfilePageBo$AjcClosure37.run(ProfilePageBo.java:1)\r\n\tat org.aspectj.runtime.reflect.JoinPointImpl.proceed(JoinPointImpl.java:149)\r\n\tat io.qameta.allure.aspects.StepsAspects.step(StepsAspects.java:46)\r\n\tat com.epam.lab.business.ProfilePageBo.verifyWallPage(ProfilePageBo.java:143)\r\n\tat com.epam.lab.ProfilePageTest.verifyWallButton(ProfilePageTest.java:72)\r\n\tat sun.reflect.NativeMethodAccessorImpl.invoke0(Native Method)\r\n\tat sun.reflect.NativeMethodAccessorImpl.invoke(NativeMethodAccessorImpl.java:62)\r\n\tat sun.reflect.DelegatingMethodAccessorImpl.invoke(DelegatingMethodAccessorImpl.java:43)\r\n\tat java.lang.reflect.Method.invoke(Method.java:498)\r\n\tat org.testng.internal.MethodInvocationHelper.invokeMethod(MethodInvocationHelper.java:108)\r\n\tat org.testng.internal.Invoker.invokeMethod(Invoker.java:661)\r\n\tat org.testng.internal.Invoker.invokeTestMethod(Invoker.java:869)\r\n\tat org.testng.internal.Invoker.invokeTestMethods(Invoker.java:1193)\r\n\tat org.testng.internal.TestMethodWorker.invokeTestMethods(TestMethodWorker.java:126)\r\n\tat org.testng.internal.TestMethodWorker.run(TestMethodWorker.java:109)\r\n\tat org.testng.TestRunner.privateRun(TestRunner.java:744)\r\n\tat org.testng.TestRunner.run(TestRunner.java:602)\r\n\tat org.testng.SuiteRunner.runTest(SuiteRunner.java:380)\r\n\tat org.testng.SuiteRunner.runSequentially(SuiteRunner.java:375)\r\n\tat org.testng.SuiteRunner.privateRun(SuiteRunner.java:340)\r\n\tat org.testng.SuiteRunner.run(SuiteRunner.java:289)\r\n\tat org.testng.SuiteRunnerWorker.runSuite(SuiteRunnerWorker.java:52)\r\n\tat org.testng.SuiteRunnerWorker.run(SuiteRunnerWorker.java:86)\r\n\tat org.testng.TestNG.runSuitesSequentially(TestNG.java:1301)\r\n\tat org.testng.TestNG.runSuitesLocally(TestNG.java:1226)\r\n\tat org.testng.TestNG.runSuites(TestNG.java:1144)\r\n\tat org.testng.TestNG.run(TestNG.java:1115)\r\n\tat org.testng.remote.AbstractRemoteTestNG.run(AbstractRemoteTestNG.java:114)\r\n\tat org.testng.remote.RemoteTestNG.initAndRun(RemoteTestNG.java:251)\r\n\tat org.testng.remote.RemoteTestNG.main(RemoteTestNG.java:77)\r\n",
  "flaky" : false,
  "beforeStages" : [ {
    "name" : "setup",
    "time" : {
      "start" : 1551100938134,
      "stop" : 1551100975076,
      "duration" : 36942
    },
    "description" : "",
    "status" : "passed",
    "steps" : [ {
      "name" : "LoginPageBO with login: {0}, password: {1} for method: {logIn} step...",
      "time" : {
        "start" : 1551100948582,
        "stop" : 1551100968093,
        "duration" : 19511
      },
      "status" : "passed",
      "steps" : [ {
        "name" : "PageElementBO Step: Enter login: {0} in login input field in method: {enterLogin}...",
        "time" : {
          "start" : 1551100948584,
          "stop" : 1551100951203,
          "duration" : 2619
        },
        "status" : "passed",
        "steps" : [ {
          "name" : "PageElement Step: Clear input field...",
          "time" : {
            "start" : 1551100948585,
            "stop" : 1551100949495,
            "duration" : 910
          },
          "status" : "passed",
          "steps" : [ ],
          "attachments" : [ ],
          "parameters" : [ ],
          "stepsCount" : 0,
          "hasContent" : false,
          "attachmentsCount" : 0,
          "shouldDisplayMessage" : false
        }, {
          "name" : "PageElement Step: Send keys: {0}...",
          "time" : {
            "start" : 1551100949497,
            "stop" : 1551100951203,
            "duration" : 1706
          },
          "status" : "passed",
          "steps" : [ ],
          "attachments" : [ ],
          "parameters" : [ {
            "name" : "keysToSend",
            "value" : "[Yevhen_Hrafov@epam.com]"
          } ],
          "stepsCount" : 0,
          "hasContent" : true,
          "attachmentsCount" : 0,
          "shouldDisplayMessage" : false
        } ],
        "attachments" : [ ],
        "parameters" : [ {
          "name" : "login",
          "value" : "Yevhen_Hrafov@epam.com"
        } ],
        "stepsCount" : 2,
        "hasContent" : true,
        "attachmentsCount" : 0,
        "shouldDisplayMessage" : false
      }, {
        "name" : "PageElementBO Step: Enter password: {0} in password input field in method: {enterPassword}...",
        "time" : {
          "start" : 1551100951204,
          "stop" : 1551100951911,
          "duration" : 707
        },
        "status" : "passed",
        "steps" : [ {
          "name" : "PageElement Step: Clear input field...",
          "time" : {
            "start" : 1551100951205,
            "stop" : 1551100951360,
            "duration" : 155
          },
          "status" : "passed",
          "steps" : [ ],
          "attachments" : [ ],
          "parameters" : [ ],
          "stepsCount" : 0,
          "hasContent" : false,
          "attachmentsCount" : 0,
          "shouldDisplayMessage" : false
        }, {
          "name" : "PageElement Step: Send keys: {0}...",
          "time" : {
            "start" : 1551100951361,
            "stop" : 1551100951911,
            "duration" : 550
          },
          "status" : "passed",
          "steps" : [ ],
          "attachments" : [ ],
          "parameters" : [ {
            "name" : "keysToSend",
            "value" : "[ELClub11_15]"
          } ],
          "stepsCount" : 0,
          "hasContent" : true,
          "attachmentsCount" : 0,
          "shouldDisplayMessage" : false
        } ],
        "attachments" : [ ],
        "parameters" : [ {
          "name" : "password",
          "value" : "ELClub11_15"
        } ],
        "stepsCount" : 2,
        "hasContent" : true,
        "attachmentsCount" : 0,
        "shouldDisplayMessage" : false
      }, {
        "name" : "PageElementBO Step: click on checkbox Keep me logged in system...",
        "time" : {
          "start" : 1551100951911,
          "stop" : 1551100952490,
          "duration" : 579
        },
        "status" : "passed",
        "steps" : [ {
          "name" : "PageElement Step: Click on page element...",
          "time" : {
            "start" : 1551100951911,
            "stop" : 1551100952490,
            "duration" : 579
          },
          "status" : "passed",
          "steps" : [ ],
          "attachments" : [ ],
          "parameters" : [ ],
          "stepsCount" : 0,
          "hasContent" : false,
          "attachmentsCount" : 0,
          "shouldDisplayMessage" : false
        } ],
        "attachments" : [ ],
        "parameters" : [ ],
        "stepsCount" : 1,
        "hasContent" : true,
        "attachmentsCount" : 0,
        "shouldDisplayMessage" : false
      }, {
        "name" : "PageElementBO Step: Submit login form in login page in method: {clickSubmit}...",
        "time" : {
          "start" : 1551100952491,
          "stop" : 1551100968093,
          "duration" : 15602
        },
        "status" : "passed",
        "steps" : [ {
          "name" : "PageElement Step: Click on page element...",
          "time" : {
            "start" : 1551100952491,
            "stop" : 1551100968093,
            "duration" : 15602
          },
          "status" : "passed",
          "steps" : [ ],
          "attachments" : [ ],
          "parameters" : [ ],
          "stepsCount" : 0,
          "hasContent" : false,
          "attachmentsCount" : 0,
          "shouldDisplayMessage" : false
        } ],
        "attachments" : [ ],
        "parameters" : [ ],
        "stepsCount" : 1,
        "hasContent" : true,
        "attachmentsCount" : 0,
        "shouldDisplayMessage" : false
      } ],
      "attachments" : [ ],
      "parameters" : [ {
        "name" : "login",
        "value" : "Yevhen_Hrafov@epam.com"
      }, {
        "name" : "password",
        "value" : "ELClub11_15"
      } ],
      "stepsCount" : 10,
      "hasContent" : true,
      "attachmentsCount" : 0,
      "shouldDisplayMessage" : false
    } ],
    "attachments" : [ ],
    "parameters" : [ ],
    "stepsCount" : 11,
    "hasContent" : true,
    "attachmentsCount" : 0,
    "shouldDisplayMessage" : false
  } ],
  "testStage" : {
    "description" : "ProfileTest Description: Verify if Wall button shows a wall",
    "status" : "failed",
    "statusMessage" : "The following asserts failed:\n\tPhone number is't correct expected [679829142] but found [null],\n\tThe job location is't correct expected [Ukraine, Lviv, Off-site] but found [Ukraine, Lviv, Shevchenka St. 111a, 7th floor-Room 713],\n\tproductionCategory is't correct expected [Extended leave] but found [Full-time employee],\n\tThe primary skill is't correct expected [Performance testing] but found [Automated Testing],\n\tClassname is same expected [e3suiProfileContent__switcherNavLink] but found [e3suiProfileContent__switcherNavLink active]",
    "statusTrace" : "java.lang.AssertionError: The following asserts failed:\n\tPhone number is't correct expected [679829142] but found [null],\n\tThe job location is't correct expected [Ukraine, Lviv, Off-site] but found [Ukraine, Lviv, Shevchenka St. 111a, 7th floor-Room 713],\n\tproductionCategory is't correct expected [Extended leave] but found [Full-time employee],\n\tThe primary skill is't correct expected [Performance testing] but found [Automated Testing],\n\tClassname is same expected [e3suiProfileContent__switcherNavLink] but found [e3suiProfileContent__switcherNavLink active]\r\n\tat org.testng.asserts.SoftAssert.assertAll(SoftAssert.java:43)\r\n\tat com.epam.lab.business.ProfilePageBo.verifyWallPage_aroundBody36(ProfilePageBo.java:148)\r\n\tat com.epam.lab.business.ProfilePageBo$AjcClosure37.run(ProfilePageBo.java:1)\r\n\tat org.aspectj.runtime.reflect.JoinPointImpl.proceed(JoinPointImpl.java:149)\r\n\tat io.qameta.allure.aspects.StepsAspects.step(StepsAspects.java:46)\r\n\tat com.epam.lab.business.ProfilePageBo.verifyWallPage(ProfilePageBo.java:143)\r\n\tat com.epam.lab.ProfilePageTest.verifyWallButton(ProfilePageTest.java:72)\r\n\tat sun.reflect.NativeMethodAccessorImpl.invoke0(Native Method)\r\n\tat sun.reflect.NativeMethodAccessorImpl.invoke(NativeMethodAccessorImpl.java:62)\r\n\tat sun.reflect.DelegatingMethodAccessorImpl.invoke(DelegatingMethodAccessorImpl.java:43)\r\n\tat java.lang.reflect.Method.invoke(Method.java:498)\r\n\tat org.testng.internal.MethodInvocationHelper.invokeMethod(MethodInvocationHelper.java:108)\r\n\tat org.testng.internal.Invoker.invokeMethod(Invoker.java:661)\r\n\tat org.testng.internal.Invoker.invokeTestMethod(Invoker.java:869)\r\n\tat org.testng.internal.Invoker.invokeTestMethods(Invoker.java:1193)\r\n\tat org.testng.internal.TestMethodWorker.invokeTestMethods(TestMethodWorker.java:126)\r\n\tat org.testng.internal.TestMethodWorker.run(TestMethodWorker.java:109)\r\n\tat org.testng.TestRunner.privateRun(TestRunner.java:744)\r\n\tat org.testng.TestRunner.run(TestRunner.java:602)\r\n\tat org.testng.SuiteRunner.runTest(SuiteRunner.java:380)\r\n\tat org.testng.SuiteRunner.runSequentially(SuiteRunner.java:375)\r\n\tat org.testng.SuiteRunner.privateRun(SuiteRunner.java:340)\r\n\tat org.testng.SuiteRunner.run(SuiteRunner.java:289)\r\n\tat org.testng.SuiteRunnerWorker.runSuite(SuiteRunnerWorker.java:52)\r\n\tat org.testng.SuiteRunnerWorker.run(SuiteRunnerWorker.java:86)\r\n\tat org.testng.TestNG.runSuitesSequentially(TestNG.java:1301)\r\n\tat org.testng.TestNG.runSuitesLocally(TestNG.java:1226)\r\n\tat org.testng.TestNG.runSuites(TestNG.java:1144)\r\n\tat org.testng.TestNG.run(TestNG.java:1115)\r\n\tat org.testng.remote.AbstractRemoteTestNG.run(AbstractRemoteTestNG.java:114)\r\n\tat org.testng.remote.RemoteTestNG.initAndRun(RemoteTestNG.java:251)\r\n\tat org.testng.remote.RemoteTestNG.main(RemoteTestNG.java:77)\r\n",
    "steps" : [ {
      "name" : "PageElementBO Step: Click on Wall button...",
      "time" : {
        "start" : 1551101075246,
        "stop" : 1551101076528,
        "duration" : 1282
      },
      "status" : "passed",
      "steps" : [ {
        "name" : "PageElement Step: Click on page element...",
        "time" : {
          "start" : 1551101075246,
          "stop" : 1551101076528,
          "duration" : 1282
        },
        "status" : "passed",
        "steps" : [ ],
        "attachments" : [ ],
        "parameters" : [ ],
        "stepsCount" : 0,
        "hasContent" : false,
        "attachmentsCount" : 0,
        "shouldDisplayMessage" : false
      } ],
      "attachments" : [ ],
      "parameters" : [ ],
      "stepsCount" : 1,
      "hasContent" : true,
      "attachmentsCount" : 0,
      "shouldDisplayMessage" : false
    }, {
      "name" : "PageElementBO Step: Verify the wall page",
      "time" : {
        "start" : 1551101076529,
        "stop" : 1551101077054,
        "duration" : 525
      },
      "status" : "failed",
      "statusMessage" : "The following asserts failed:\n\tPhone number is't correct expected [679829142] but found [null],\n\tThe job location is't correct expected [Ukraine, Lviv, Off-site] but found [Ukraine, Lviv, Shevchenka St. 111a, 7th floor-Room 713],\n\tproductionCategory is't correct expected [Extended leave] but found [Full-time employee],\n\tThe primary skill is't correct expected [Performance testing] but found [Automated Testing],\n\tClassname is same expected [e3suiProfileContent__switcherNavLink] but found [e3suiProfileContent__switcherNavLink active]",
      "statusTrace" : "java.lang.AssertionError: The following asserts failed:\n\tPhone number is't correct expected [679829142] but found [null],\n\tThe job location is't correct expected [Ukraine, Lviv, Off-site] but found [Ukraine, Lviv, Shevchenka St. 111a, 7th floor-Room 713],\n\tproductionCategory is't correct expected [Extended leave] but found [Full-time employee],\n\tThe primary skill is't correct expected [Performance testing] but found [Automated Testing],\n\tClassname is same expected [e3suiProfileContent__switcherNavLink] but found [e3suiProfileContent__switcherNavLink active]\r\n\tat org.testng.asserts.SoftAssert.assertAll(SoftAssert.java:43)\r\n\tat com.epam.lab.business.ProfilePageBo.verifyWallPage_aroundBody36(ProfilePageBo.java:148)\r\n\tat com.epam.lab.business.ProfilePageBo$AjcClosure37.run(ProfilePageBo.java:1)\r\n\tat org.aspectj.runtime.reflect.JoinPointImpl.proceed(JoinPointImpl.java:149)\r\n\tat io.qameta.allure.aspects.StepsAspects.step(StepsAspects.java:46)\r\n\tat com.epam.lab.business.ProfilePageBo.verifyWallPage(ProfilePageBo.java:143)\r\n\tat com.epam.lab.ProfilePageTest.verifyWallButton(ProfilePageTest.java:72)\r\n\tat sun.reflect.NativeMethodAccessorImpl.invoke0(Native Method)\r\n\tat sun.reflect.NativeMethodAccessorImpl.invoke(NativeMethodAccessorImpl.java:62)\r\n\tat sun.reflect.DelegatingMethodAccessorImpl.invoke(DelegatingMethodAccessorImpl.java:43)\r\n\tat java.lang.reflect.Method.invoke(Method.java:498)\r\n\tat org.testng.internal.MethodInvocationHelper.invokeMethod(MethodInvocationHelper.java:108)\r\n\tat org.testng.internal.Invoker.invokeMethod(Invoker.java:661)\r\n\tat org.testng.internal.Invoker.invokeTestMethod(Invoker.java:869)\r\n\tat org.testng.internal.Invoker.invokeTestMethods(Invoker.java:1193)\r\n\tat org.testng.internal.TestMethodWorker.invokeTestMethods(TestMethodWorker.java:126)\r\n\tat org.testng.internal.TestMethodWorker.run(TestMethodWorker.java:109)\r\n\tat org.testng.TestRunner.privateRun(TestRunner.java:744)\r\n\tat org.testng.TestRunner.run(TestRunner.java:602)\r\n\tat org.testng.SuiteRunner.runTest(SuiteRunner.java:380)\r\n\tat org.testng.SuiteRunner.runSequentially(SuiteRunner.java:375)\r\n\tat org.testng.SuiteRunner.privateRun(SuiteRunner.java:340)\r\n\tat org.testng.SuiteRunner.run(SuiteRunner.java:289)\r\n\tat org.testng.SuiteRunnerWorker.runSuite(SuiteRunnerWorker.java:52)\r\n\tat org.testng.SuiteRunnerWorker.run(SuiteRunnerWorker.java:86)\r\n\tat org.testng.TestNG.runSuitesSequentially(TestNG.java:1301)\r\n\tat org.testng.TestNG.runSuitesLocally(TestNG.java:1226)\r\n\tat org.testng.TestNG.runSuites(TestNG.java:1144)\r\n\tat org.testng.TestNG.run(TestNG.java:1115)\r\n\tat org.testng.remote.AbstractRemoteTestNG.run(AbstractRemoteTestNG.java:114)\r\n\tat org.testng.remote.RemoteTestNG.initAndRun(RemoteTestNG.java:251)\r\n\tat org.testng.remote.RemoteTestNG.main(RemoteTestNG.java:77)\r\n",
      "steps" : [ {
        "name" : "PageElement Step: Get attribute by name: {0}...",
        "time" : {
          "start" : 1551101076529,
          "stop" : 1551101077053,
          "duration" : 524
        },
        "status" : "passed",
        "steps" : [ ],
        "attachments" : [ ],
        "parameters" : [ {
          "name" : "name",
          "value" : "class"
        } ],
        "stepsCount" : 0,
        "hasContent" : true,
        "attachmentsCount" : 0,
        "shouldDisplayMessage" : false
      } ],
      "attachments" : [ ],
      "parameters" : [ ],
      "stepsCount" : 1,
      "hasContent" : true,
      "attachmentsCount" : 0,
      "shouldDisplayMessage" : true
    }, {
      "name" : "TestListener Step: method: {onTestFailure}...",
      "time" : {
        "start" : 1551101077055,
        "stop" : 1551101077691,
        "duration" : 636
      },
      "status" : "passed",
      "steps" : [ ],
      "attachments" : [ {
        "uid" : "5955c8547594d65f",
        "name" : "{0}",
        "source" : "5955c8547594d65f.txt",
        "type" : "text/plane",
        "size" : 16
      }, {
        "uid" : "7fc6b7ca7ee5b6b4",
        "name" : "Page screenshot",
        "source" : "7fc6b7ca7ee5b6b4.png",
        "type" : "image/png",
        "size" : 111039
      } ],
      "parameters" : [ {
        "name" : "iTestResult",
        "value" : "[TestResult name=verifyWallButton status=FAILURE method=ProfilePageTest.verifyWallButton()[pri:0, instance:com.epam.lab.ProfilePageTest@9fbb61] output={null}]"
      } ],
      "stepsCount" : 0,
      "hasContent" : true,
      "attachmentsCount" : 2,
      "shouldDisplayMessage" : false
    } ],
    "attachments" : [ ],
    "parameters" : [ ],
    "stepsCount" : 5,
    "hasContent" : true,
    "attachmentsCount" : 2,
    "shouldDisplayMessage" : false
  },
  "afterStages" : [ {
    "name" : "quit",
    "time" : {
      "start" : 1551101077705,
      "stop" : 1551101079276,
      "duration" : 1571
    },
    "description" : "",
    "status" : "passed",
    "steps" : [ ],
    "attachments" : [ ],
    "parameters" : [ ],
    "stepsCount" : 0,
    "hasContent" : false,
    "attachmentsCount" : 0,
    "shouldDisplayMessage" : false
  } ],
  "labels" : [ {
    "name" : "package",
    "value" : "com.epam.lab.ProfilePageTest"
  }, {
    "name" : "testClass",
    "value" : "com.epam.lab.ProfilePageTest"
  }, {
    "name" : "testMethod",
    "value" : "verifyWallButton"
  }, {
    "name" : "parentSuite",
    "value" : "TestSuite"
  }, {
    "name" : "suite",
    "value" : "ProfileTest"
  }, {
    "name" : "subSuite",
    "value" : "com.epam.lab.ProfilePageTest"
  }, {
    "name" : "host",
    "value" : "User-ПК"
  }, {
    "name" : "thread",
    "value" : "5196@User-ПК.main(1)"
  }, {
    "name" : "severity",
    "value" : "normal"
  }, {
    "name" : "resultFormat",
    "value" : "allure2"
  } ],
  "parameters" : [ ],
  "links" : [ ],
  "hidden" : false,
  "retry" : false,
  "extra" : {
    "severity" : "normal",
    "retries" : [ {
      "uid" : "4ce1fd083479f54c",
      "status" : "skipped",
      "statusDetails" : "no such element: Unable to locate element: {\"method\":\"id\",\"selector\":\"userNameInput\"}\n  (Session info: chrome=72.0.3626.109)\n  (Driver info: chromedriver=2.38.552522 (437e6fbedfa8762dec75e2c5b3ddb86763dc9dcb),platform=Windows NT 6.1.7601 SP1 x86) (WARNING: The server did not provide any stacktrace information)\nCommand duration or timeout: 0 milliseconds\nFor documentation on this error, please visit: http://seleniumhq.org/exceptions/no_such_element.html\nBuild info: version: '3.14.0', revision: 'aacccce0', time: '2018-08-02T20:19:58.91Z'\nSystem info: host: 'USER-ПК', ip: '93.77.140.148', os.name: 'Windows 7', os.arch: 'x86', os.version: '6.1', java.version: '1.8.0_181'\nDriver info: org.openqa.selenium.chrome.ChromeDriver\nCapabilities {acceptInsecureCerts: false, acceptSslCerts: false, applicationCacheEnabled: false, browserConnectionEnabled: false, browserName: chrome, chrome: {chromedriverVersion: 2.38.552522 (437e6fbedfa876..., userDataDir: C:\\Users\\User\\AppData\\Local...}, cssSelectorsEnabled: true, databaseEnabled: false, handlesAlerts: true, hasTouchScreen: false, javascriptEnabled: true, locationContextEnabled: true, mobileEmulationEnabled: false, nativeEvents: true, networkConnectionEnabled: false, pageLoadStrategy: normal, platform: XP, platformName: XP, rotatable: false, setWindowRect: true, takesHeapSnapshot: true, takesScreenshot: true, unexpectedAlertBehaviour: , unhandledPromptBehavior: , version: 72.0.3626.109, webStorageEnabled: true}\nSession ID: 8b5cfb8dd2d2e9957c511eb931a49d12\n*** Element info: {Using=id, value=userNameInput}",
      "time" : {
        "start" : 1550869203850,
        "stop" : 1550869203856,
        "duration" : 6
      }
    }, {
      "uid" : "227408d3250adea9",
      "status" : "skipped",
      "statusDetails" : "Index: 0, Size: 0",
      "time" : {
        "start" : 1550833025050,
        "stop" : 1550833025051,
        "duration" : 1
      }
    }, {
      "uid" : "2a51799e22e7ba23",
      "status" : "skipped",
      "statusDetails" : "Index: 0, Size: 0",
      "time" : {
        "start" : 1550831375037,
        "stop" : 1550831375038,
        "duration" : 1
      }
    } ],
    "categories" : [ {
      "name" : "Product defects",
      "matchedStatuses" : [ ],
      "flaky" : false
    } ],
    "tags" : [ ]
  },
  "source" : "7b7f36f40a1436ce.json",
  "parameterValues" : [ ]
}